<?xml version="1.0" encoding="UTF-8"?>
<!-- Generated by org.testng.reporters.JUnitReportReporter -->
<testsuite hostname="LAPTOP-U74F4PMO" failures="0" tests="1" name="runner.CucumberRunner" time="31.508" errors="1" timestamp="2024-03-03T21:38:32 CET" skipped="0">
  <testcase classname="runner.CucumberRunner" name="runScenario" time="31.508">
    <error message="javascript error: missing ) after argument list
  (Session info: chrome=122.0.6261.95)
Build info: version: &#039;4.8.2&#039;, revision: &#039;826dbfc730&#039;
System info: os.name: &#039;Windows 10&#039;, os.arch: &#039;amd64&#039;, os.version: &#039;10.0&#039;, java.version: &#039;16.0.1&#039;
Driver info: org.openqa.selenium.chrome.ChromeDriver
Command: [558fb02fc013447a450047e6e2fbd059, executeScript {script=var getShadowElement = function getShadowElement(object,selector) {	if (object.shadowRoot !=null) {		return object.shadowRoot.querySelector(selector);	} else {		return null;	}};var getAllShadowElement = function getAllShadowElement(object,selector) {	return object.shadowRoot.querySelectorAll(selector);};var getAttribute = function getAttribute(object,attribute) {	return object.getAttribute(attribute);};var isVisible = function isVisible(object) {	var visible = object.offsetWidth;	if(visible&gt;0) {		return true;	} else {		return false;	}};var scrollTo = function scrollTo(object) {	object.scrollIntoView({block: &quot;center&quot;, inline: &quot;nearest&quot;});};var getParentElement = function getParentElement(object) {	if(object.parentNode.nodeName==&quot;#document-fragment&quot;) {		return object.parentNode.host;	} else if(object.nodeName==&quot;#document-fragment&quot;) {		return object.host;	} else {		return object.parentElement;	}};var getChildElements = function getChildElements(object) {	elements = null;	if(object.nodeName==&quot;#document-fragment&quot;) {		elements = object.children;	} else {		elements = object.children;	}	if (object.shadowRoot!=null &amp;&amp; elements.length==0){		elements = object.shadowRoot.children;	}	return elements;};var getSiblingElements = function getSiblingElements(object) {	if(object.nodeName == &quot;#document-fragment&quot;) {		return object.host.children;	} else {		if(object.parentNode.nodeName==&quot;#document-fragment&quot;) {			return object.parentNode.children;		} else {			return object.parentElement.children;		}	}};var getSiblingElement = function getSiblingElement(object, selector) {	if(object.nodeName==&quot;#document-fragment&quot;) {		return object.host.querySelector(selector);	} else {		if(object.parentNode.nodeName==&quot;#document-fragment&quot;) {			return object.parentNode.querySelector(selector);		} else {			return object.parentElement.querySelector(selector);		}	}};var getNextSiblingElement = function getNextSiblingElement(object) {	if(object.nodeName==&quot;#document-fragment&quot;) {		return object.host.firstElementChild.nextElementSibling;	} else {		return object.nextElementSibling;	}};var getPreviousSiblingElement = function getPreviousSiblingElement(object) {	if(object.nodeName==&quot;#document-fragment&quot;) {		return null;	} else {		return object.previousElementSibling;	}};var isChecked = function isChecked(object) {	return object.checked;};var isDisabled = function isDisabled(object) {	return object.disabled;};var findCheckboxWithLabel = function findCheckboxWithLabel(label, root=document) {	if(root.nodeName==&quot;PAPER-CHECKBOX&quot;) {		if(root.childNodes[0].data.trimStart().trimEnd()==label) {			return root;		}	} else {		let all_checkbox = getAllObject(&quot;paper-checkbox&quot;, root);		for (let checkbox of all_checkbox) {			if(checkbox.childNodes[0].data.trimStart().trimEnd()==label) {				return checkbox;			}		}	}};var findRadioWithLabel = function findRadioWithLabel(label, root=document) {	if(root.nodeName==&quot;PAPER-RADIO-BUTTON&quot;) {		if(root.childNodes[0].data.trimStart().trimEnd()==label) {			return root;		}	} else {		let all_radio = getAllObject(&quot;paper-radio-button&quot;, root);		for (let radio of all_radio) {			if(radio.childNodes[0].data.trimStart().trimEnd()==label) {				return radio;			}		}	}};var selectCheckbox = function selectCheckbox(label, root=document) {	let checkbox = findCheckboxWithLabel(label, root);	if(!checkbox.checked) {		checbox.click();	}};var selectRadio = function selectRadio(label, root=document) {	let radio = findCheckboxWithLabel(label, root);	if(!radio.checked) {		radio.click();	}};var selectDropdown = function selectDropdown(label, root=document) {	if(root.nodeName==&quot;PAPER-LISTBOX&quot;) {		root.select(label);	} else {		let listbox = getAllObject(&quot;paper-listbox&quot;, root);		listbox.select(label);	}};var evaluateAllDeep = function evaluateAllDeep(selector, root) {	if(root==undefined) {		return collectAllElementsEvaluateDeep(selector, document);	} else {		return collectAllElementsEvaluateDeep(selector, root);	}};var evaluateDeep = function evaluateDeep(selector, root) {	if(root==undefined) {		return collectElementEvaluateDeep(selector, document);	} else {		return collectElementEvaluateDeep(selector, root);	}};var getXPathObject = function getXPathObject(selector, root = document) {	while (selector.search(/\//)!= 0 &amp;&amp; selector.search(/\//)!= -1) {    	selector = selector.replace(/\//,&#039;//&#039;);    }    while (selector.search(/\/\//)==0 &amp;&amp; selector.search(/\/\//) != -1) {    	selector = selector.replace(/\/\//,&#039;&#039;);    }	splitedSelectors = selector.split(&#039;//&#039;);		webElement = root;    for (let index = 0; index &lt; splitedSelectors.length-1; index++) {        webElement = evaluateDeep(splitedSelectors[index], webElement);        if (webElement === undefined) {            throw new ElementNotFoundException(&quot;Element with XPath &quot;+splitedSelectors[index]+&quot; couldn&#039;t be found.&quot;);        }    }    webElement = evaluateDeep(splitedSelectors[splitedSelectors.length-1], webElement);    return webElement;};var getXPathAllObject = function getXPathAllObject(selector, root = document) {	while (selector.search(/\//)!= 0 &amp;&amp; selector.search(/\//)!= -1) {    	selector = selector.replace(/\//,&#039;//&#039;);    }    while (selector.search(/\/\//)==0 &amp;&amp; selector.search(/\/\//) != -1) {    	selector = selector.replace(/\/\//,&#039;&#039;);    }	splitedSelectors = selector.split(&#039;//&#039;);    webElement = root;    for (let index = 0; index &lt; splitedSelectors.length-1; index++) {        webElement = evaluateDeep(splitedSelectors[index], webElement);        if (webElement === undefined) {            return null;        }    }    webElement = evaluateAllDeep(splitedSelectors[splitedSelectors.length-1], webElement);    return webElement;};var querySelectorAllDeep = function querySelectorAllDeep(selector, root) {	if(root==undefined) {		return _querySelectorDeep(selector, true, document);	} else {		return _querySelectorDeep(selector, true, root);	}};var querySelectorDeep = function querySelectorDeep(selector, root) {	if(root==undefined) {		return _querySelectorDeep(selector, false, document);	} else {		return _querySelectorDeep(selector, false, root);	}};var ElementNotFoundException = function ElementNotFoundException(message = &quot;Not found&quot;) {  this.message = message;  this.name = &#039;ElementNotFoundException&#039;;};var getObject = function getObject(selector, root = document) {    const multiLevelSelectors = splitByCharacterUnlessQuoted(selector, &#039;&gt;&#039;);    webElement = root;    for (let index = 0; index &lt; multiLevelSelectors.length-1; index++) {        webElement = querySelectorDeep(multiLevelSelectors[index], webElement);        if (webElement === undefined) {            throw new ElementNotFoundException(&quot;Element with CSS &quot;+multiLevelSelectors[index]+&quot; couldn&#039;t be found.&quot;);        }    }    webElement = querySelectorDeep(multiLevelSelectors[multiLevelSelectors.length-1], webElement);    return webElement;};var getAllObject = function getAllObject(selector, root = document) {    const multiLevelSelectors = splitByCharacterUnlessQuoted(selector, &#039;&gt;&#039;);    webElement = root;    for (let index = 0; index &lt; multiLevelSelectors.length-1; index++) {        webElement = querySelectorDeep(multiLevelSelectors[index], webElement);        if (webElement === undefined) {            return null;        }    }    webElement = querySelectorAllDeep(multiLevelSelectors[multiLevelSelectors.length-1], webElement);    return webElement;};function _querySelectorDeep(selector, findMany, root) {    let lightElement = root.querySelector(selector);    if (document.head.createShadowRoot || document.head.attachShadow) {        if (!findMany &amp;&amp; lightElement) {            return lightElement;        }        const selectionsToMake = splitByCharacterUnlessQuoted(selector, &#039;,&#039;);        return selectionsToMake.reduce((acc, minimalSelector) =&gt; {            if (!findMany &amp;&amp; acc) {                return acc;            }            const splitSelector = splitByCharacterUnlessQuoted(minimalSelector                    .replace(/^\s+/g, &#039;&#039;)                    .replace(/\s*([&gt;+~]+)\s*/g, &#039;$1&#039;), &#039; &#039;)                .filter((entry) =&gt; !!entry);            const possibleElementsIndex = splitSelector.length - 1;            const possibleElements = collectAllElementsQuerySelectorDeep(splitSelector[possibleElementsIndex], root);            const findElements = findMatchingElement(splitSelector, possibleElementsIndex, root);            if (findMany) {                acc = acc.concat(possibleElements.filter(findElements));                return acc;            } else {                acc = possibleElements.find(findElements);                return acc;            }        }, findMany ? [] : null);    } else {        if (!findMany) {            return lightElement;        } else {            return root.querySelectorAll(selector);        }    }}function findMatchingElement(splitSelector, possibleElementsIndex, root) {    return (element) =&gt; {        let position = possibleElementsIndex;        let parent = element;        let foundElement = false;        while (parent) {            const foundMatch = parent.matches(splitSelector[position]);            if (foundMatch &amp;&amp; position === 0) {                foundElement = true;                break;            }            if (foundMatch) {                position--;            }            parent = findParentOrHost(parent, root);        }        return foundElement;    };}function splitByCharacterUnlessQuoted(selector, character) {    return selector.match(/\\?.|^$/g).reduce((p, c) =&gt; {        if (c === &#039;&quot;&#039; &amp;&amp; !p.sQuote) {            p.quote ^= 1;            p.a[p.a.length - 1] += c;        } else if (c === &#039;\&#039;&#039; &amp;&amp; !p.quote) {            p.sQuote ^= 1;            p.a[p.a.length - 1] += c;        } else if (!p.quote &amp;&amp; !p.sQuote &amp;&amp; c === character) {            p.a.push(&#039;&#039;);        } else {            p.a[p.a.length - 1] += c;        }        return p;    }, { a: [&#039;&#039;] }).a;}function findParentOrHost(element, root) {    const parentNode = element.parentNode;    return (parentNode &amp;&amp; parentNode.host &amp;&amp; parentNode.nodeType === 11) ? parentNode.host : parentNode === root ? null : parentNode;}function collectAllElementsQuerySelectorDeep(selector = null, root) {    const allElements = [];    const findAllElements = function(nodes) {        for (let i = 0, el; el = nodes[i]; ++i) {            allElements.push(el);            if (el.shadowRoot) {                findAllElements(el.shadowRoot.querySelectorAll(&#039;*&#039;));            }        }    };	if(root.shadowRoot != null) {		findAllElements(root.shadowRoot.querySelectorAll(&#039;*&#039;));	}    findAllElements(root.querySelectorAll(&#039;*&#039;));    return selector ? allElements.filter(el =&gt; el.matches(selector)) : allElements;}function collectAllElementsEvaluateDeep(selector, root) {    var allElements = [];    while (selector.indexOf(&#039;/&#039;)==0 &amp;&amp; selector.search(&#039;/&#039;) != -1) {    	selector = selector.replace(&#039;/&#039;,&#039;&#039;);    }        allElementsInDocument = collectAllElementsQuerySelectorDeep(&#039;*&#039;, root);    const findAllElements = function(nodes) {        for (i=0; i&lt;nodes.length; i++) {        	test_node = document.createElement(&#039;test-node&#039;);        	parent_node = nodes[i].parentNode;        	if (parent_node != null &amp;&amp; parent_node.nodeName != &#039;HTML&#039; &amp;&amp; parent_node.nodeName != &#039;#document&#039;) {        		cloned_node = nodes[i].cloneNode();        		if (nodes[i].textContent != &quot;&quot;) {        			cloned_node.textContent = nodes[i].textContent;         		}        		test_node.append(cloned_node);            	elements = document.evaluate(&quot;.//&quot;+selector, test_node, null, XPathResult.ORDERED_NODE_ITERATOR_TYPE);            	while ((element=elements.iterateNext()) != null) {					if (!allElements.filter((value) =&gt; value == nodes[i]).length &gt; 0) {						allElements.push(nodes[i]);					}                }        	}        	elements = document.evaluate(&quot;.//&quot;+selector, nodes[i], null, XPathResult.ORDERED_NODE_ITERATOR_TYPE);            while ((element=elements.iterateNext()) != null) {            	if (!allElements.filter((value) =&gt; value == element).length &gt; 0) {					allElements.push(element);				}            }        }    };    findAllElements(allElementsInDocument);    return allElements;}function collectElementEvaluateDeep(selector, root) {    var element = null;    while (selector.indexOf(&#039;/&#039;)==0 &amp;&amp; selector.search(&#039;/&#039;) != -1) {    	selector = selector.replace(&#039;/&#039;,&#039;&#039;);    }        allElementsInDocument = collectAllElementsQuerySelectorDeep(&#039;*&#039;, root);    const findAllElements = function(nodes) {        for (i=0; i&lt;nodes.length; i++) {        	test_node = document.createElement(&#039;test-node&#039;);        	parent_node = nodes[i].parentNode;        	if (parent_node != null &amp;&amp; parent_node.nodeName != &#039;HTML&#039; &amp;&amp; parent_node.nodeName != &#039;#document&#039;) {        		cloned_node = nodes[i].cloneNode();        		if (nodes[i].textContent != &quot;&quot;) {        			cloned_node.textContent = nodes[i].textContent;         		}        		test_node.append(cloned_node);            	elements = document.evaluate(&#039;.//&#039;+selector, test_node, null, XPathResult.FIRST_ORDERED_NODE_TYPE);            	value = elements.singleNodeValue;            	if (value!=null) {            		element = nodes[i];            		break;            	}        	}        	elements = document.evaluate(&#039;.//&#039;+selector, nodes[i], null, XPathResult.FIRST_ORDERED_NODE_TYPE);        	value = elements.singleNodeValue;        	if (value!=null) {        		element = elements.singleNodeValue;        		break;        	}        }    };    findAllElements(allElementsInDocument);    return element;}return getXPathObject(&quot;//span[contains(text(),&quot;Proceed to checkout&quot;)]&quot;);, args=[]}]
Capabilities {acceptInsecureCerts: false, browserName: chrome, browserVersion: 122.0.6261.95, chrome: {chromedriverVersion: 122.0.6261.94 (880dbf29479c..., userDataDir: C:\Users\jijos\AppData\Loca...}, fedcm:accounts: true, goog:chromeOptions: {debuggerAddress: localhost:54348}, networkConnectionEnabled: false, pageLoadStrategy: normal, platformName: WINDOWS, proxy: Proxy(), se:cdp: ws://localhost:54348/devtoo..., se:cdpVersion: 122.0.6261.95, setWindowRect: true, strictFileInteractability: false, timeouts: {implicit: 0, pageLoad: 300000, script: 30000}, unhandledPromptBehavior: dismiss and notify, webauthn:extension:credBlob: true, webauthn:extension:largeBlob: true, webauthn:extension:minPinLength: true, webauthn:extension:prf: true, webauthn:virtualAuthenticators: true}
Session ID: 558fb02fc013447a450047e6e2fbd059" type="org.openqa.selenium.JavascriptException">
      <![CDATA[org.openqa.selenium.JavascriptException: javascript error: missing ) after argument list
  (Session info: chrome=122.0.6261.95)
Build info: version: '4.8.2', revision: '826dbfc730'
System info: os.name: 'Windows 10', os.arch: 'amd64', os.version: '10.0', java.version: '16.0.1'
Driver info: org.openqa.selenium.chrome.ChromeDriver
Command: [558fb02fc013447a450047e6e2fbd059, executeScript {script=var getShadowElement = function getShadowElement(object,selector) {if (object.shadowRoot !=null) {return object.shadowRoot.querySelector(selector);} else {return null;}};var getAllShadowElement = function getAllShadowElement(object,selector) {return object.shadowRoot.querySelectorAll(selector);};var getAttribute = function getAttribute(object,attribute) {return object.getAttribute(attribute);};var isVisible = function isVisible(object) {var visible = object.offsetWidth;if(visible>0) {return true;} else {return false;}};var scrollTo = function scrollTo(object) {object.scrollIntoView({block: "center", inline: "nearest"});};var getParentElement = function getParentElement(object) {if(object.parentNode.nodeName=="#document-fragment") {return object.parentNode.host;} else if(object.nodeName=="#document-fragment") {return object.host;} else {return object.parentElement;}};var getChildElements = function getChildElements(object) {elements = null;if(object.nodeName=="#document-fragment") {elements = object.children;} else {elements = object.children;}if (object.shadowRoot!=null && elements.length==0){elements = object.shadowRoot.children;}return elements;};var getSiblingElements = function getSiblingElements(object) {if(object.nodeName == "#document-fragment") {return object.host.children;} else {if(object.parentNode.nodeName=="#document-fragment") {return object.parentNode.children;} else {return object.parentElement.children;}}};var getSiblingElement = function getSiblingElement(object, selector) {if(object.nodeName=="#document-fragment") {return object.host.querySelector(selector);} else {if(object.parentNode.nodeName=="#document-fragment") {return object.parentNode.querySelector(selector);} else {return object.parentElement.querySelector(selector);}}};var getNextSiblingElement = function getNextSiblingElement(object) {if(object.nodeName=="#document-fragment") {return object.host.firstElementChild.nextElementSibling;} else {return object.nextElementSibling;}};var getPreviousSiblingElement = function getPreviousSiblingElement(object) {if(object.nodeName=="#document-fragment") {return null;} else {return object.previousElementSibling;}};var isChecked = function isChecked(object) {return object.checked;};var isDisabled = function isDisabled(object) {return object.disabled;};var findCheckboxWithLabel = function findCheckboxWithLabel(label, root=document) {if(root.nodeName=="PAPER-CHECKBOX") {if(root.childNodes[0].data.trimStart().trimEnd()==label) {return root;}} else {let all_checkbox = getAllObject("paper-checkbox", root);for (let checkbox of all_checkbox) {if(checkbox.childNodes[0].data.trimStart().trimEnd()==label) {return checkbox;}}}};var findRadioWithLabel = function findRadioWithLabel(label, root=document) {if(root.nodeName=="PAPER-RADIO-BUTTON") {if(root.childNodes[0].data.trimStart().trimEnd()==label) {return root;}} else {let all_radio = getAllObject("paper-radio-button", root);for (let radio of all_radio) {if(radio.childNodes[0].data.trimStart().trimEnd()==label) {return radio;}}}};var selectCheckbox = function selectCheckbox(label, root=document) {let checkbox = findCheckboxWithLabel(label, root);if(!checkbox.checked) {checbox.click();}};var selectRadio = function selectRadio(label, root=document) {let radio = findCheckboxWithLabel(label, root);if(!radio.checked) {radio.click();}};var selectDropdown = function selectDropdown(label, root=document) {if(root.nodeName=="PAPER-LISTBOX") {root.select(label);} else {let listbox = getAllObject("paper-listbox", root);listbox.select(label);}};var evaluateAllDeep = function evaluateAllDeep(selector, root) {if(root==undefined) {return collectAllElementsEvaluateDeep(selector, document);} else {return collectAllElementsEvaluateDeep(selector, root);}};var evaluateDeep = function evaluateDeep(selector, root) {if(root==undefined) {return collectElementEvaluateDeep(selector, document);} else {return collectElementEvaluateDeep(selector, root);}};var getXPathObject = function getXPathObject(selector, root = document) {while (selector.search(/\//)!= 0 && selector.search(/\//)!= -1) {    selector = selector.replace(/\//,'//');    }    while (selector.search(/\/\//)==0 && selector.search(/\/\//) != -1) {    selector = selector.replace(/\/\//,'');    }splitedSelectors = selector.split('//');webElement = root;    for (let index = 0; index < splitedSelectors.length-1; index++) {        webElement = evaluateDeep(splitedSelectors[index], webElement);        if (webElement === undefined) {            throw new ElementNotFoundException("Element with XPath "+splitedSelectors[index]+" couldn't be found.");        }    }    webElement = evaluateDeep(splitedSelectors[splitedSelectors.length-1], webElement);    return webElement;};var getXPathAllObject = function getXPathAllObject(selector, root = document) {while (selector.search(/\//)!= 0 && selector.search(/\//)!= -1) {    selector = selector.replace(/\//,'//');    }    while (selector.search(/\/\//)==0 && selector.search(/\/\//) != -1) {    selector = selector.replace(/\/\//,'');    }splitedSelectors = selector.split('//');    webElement = root;    for (let index = 0; index < splitedSelectors.length-1; index++) {        webElement = evaluateDeep(splitedSelectors[index], webElement);        if (webElement === undefined) {            return null;        }    }    webElement = evaluateAllDeep(splitedSelectors[splitedSelectors.length-1], webElement);    return webElement;};var querySelectorAllDeep = function querySelectorAllDeep(selector, root) {if(root==undefined) {return _querySelectorDeep(selector, true, document);} else {return _querySelectorDeep(selector, true, root);}};var querySelectorDeep = function querySelectorDeep(selector, root) {if(root==undefined) {return _querySelectorDeep(selector, false, document);} else {return _querySelectorDeep(selector, false, root);}};var ElementNotFoundException = function ElementNotFoundException(message = "Not found") {  this.message = message;  this.name = 'ElementNotFoundException';};var getObject = function getObject(selector, root = document) {    const multiLevelSelectors = splitByCharacterUnlessQuoted(selector, '>');    webElement = root;    for (let index = 0; index < multiLevelSelectors.length-1; index++) {        webElement = querySelectorDeep(multiLevelSelectors[index], webElement);        if (webElement === undefined) {            throw new ElementNotFoundException("Element with CSS "+multiLevelSelectors[index]+" couldn't be found.");        }    }    webElement = querySelectorDeep(multiLevelSelectors[multiLevelSelectors.length-1], webElement);    return webElement;};var getAllObject = function getAllObject(selector, root = document) {    const multiLevelSelectors = splitByCharacterUnlessQuoted(selector, '>');    webElement = root;    for (let index = 0; index < multiLevelSelectors.length-1; index++) {        webElement = querySelectorDeep(multiLevelSelectors[index], webElement);        if (webElement === undefined) {            return null;        }    }    webElement = querySelectorAllDeep(multiLevelSelectors[multiLevelSelectors.length-1], webElement);    return webElement;};function _querySelectorDeep(selector, findMany, root) {    let lightElement = root.querySelector(selector);    if (document.head.createShadowRoot || document.head.attachShadow) {        if (!findMany && lightElement) {            return lightElement;        }        const selectionsToMake = splitByCharacterUnlessQuoted(selector, ',');        return selectionsToMake.reduce((acc, minimalSelector) => {            if (!findMany && acc) {                return acc;            }            const splitSelector = splitByCharacterUnlessQuoted(minimalSelector                    .replace(/^\s+/g, '')                    .replace(/\s*([>+~]+)\s*/g, '$1'), ' ')                .filter((entry) => !!entry);            const possibleElementsIndex = splitSelector.length - 1;            const possibleElements = collectAllElementsQuerySelectorDeep(splitSelector[possibleElementsIndex], root);            const findElements = findMatchingElement(splitSelector, possibleElementsIndex, root);            if (findMany) {                acc = acc.concat(possibleElements.filter(findElements));                return acc;            } else {                acc = possibleElements.find(findElements);                return acc;            }        }, findMany ? [] : null);    } else {        if (!findMany) {            return lightElement;        } else {            return root.querySelectorAll(selector);        }    }}function findMatchingElement(splitSelector, possibleElementsIndex, root) {    return (element) => {        let position = possibleElementsIndex;        let parent = element;        let foundElement = false;        while (parent) {            const foundMatch = parent.matches(splitSelector[position]);            if (foundMatch && position === 0) {                foundElement = true;                break;            }            if (foundMatch) {                position--;            }            parent = findParentOrHost(parent, root);        }        return foundElement;    };}function splitByCharacterUnlessQuoted(selector, character) {    return selector.match(/\\?.|^$/g).reduce((p, c) => {        if (c === '"' && !p.sQuote) {            p.quote ^= 1;            p.a[p.a.length - 1] += c;        } else if (c === '\'' && !p.quote) {            p.sQuote ^= 1;            p.a[p.a.length - 1] += c;        } else if (!p.quote && !p.sQuote && c === character) {            p.a.push('');        } else {            p.a[p.a.length - 1] += c;        }        return p;    }, { a: [''] }).a;}function findParentOrHost(element, root) {    const parentNode = element.parentNode;    return (parentNode && parentNode.host && parentNode.nodeType === 11) ? parentNode.host : parentNode === root ? null : parentNode;}function collectAllElementsQuerySelectorDeep(selector = null, root) {    const allElements = [];    const findAllElements = function(nodes) {        for (let i = 0, el; el = nodes[i]; ++i) {            allElements.push(el);            if (el.shadowRoot) {                findAllElements(el.shadowRoot.querySelectorAll('*'));            }        }    };if(root.shadowRoot != null) {findAllElements(root.shadowRoot.querySelectorAll('*'));}    findAllElements(root.querySelectorAll('*'));    return selector ? allElements.filter(el => el.matches(selector)) : allElements;}function collectAllElementsEvaluateDeep(selector, root) {    var allElements = [];    while (selector.indexOf('/')==0 && selector.search('/') != -1) {    selector = selector.replace('/','');    }        allElementsInDocument = collectAllElementsQuerySelectorDeep('*', root);    const findAllElements = function(nodes) {        for (i=0; i<nodes.length; i++) {        test_node = document.createElement('test-node');        parent_node = nodes[i].parentNode;        if (parent_node != null && parent_node.nodeName != 'HTML' && parent_node.nodeName != '#document') {        cloned_node = nodes[i].cloneNode();        if (nodes[i].textContent != "") {        cloned_node.textContent = nodes[i].textContent;         }        test_node.append(cloned_node);            elements = document.evaluate(".//"+selector, test_node, null, XPathResult.ORDERED_NODE_ITERATOR_TYPE);            while ((element=elements.iterateNext()) != null) {if (!allElements.filter((value) => value == nodes[i]).length > 0) {allElements.push(nodes[i]);}                }        }        elements = document.evaluate(".//"+selector, nodes[i], null, XPathResult.ORDERED_NODE_ITERATOR_TYPE);            while ((element=elements.iterateNext()) != null) {            if (!allElements.filter((value) => value == element).length > 0) {allElements.push(element);}            }        }    };    findAllElements(allElementsInDocument);    return allElements;}function collectElementEvaluateDeep(selector, root) {    var element = null;    while (selector.indexOf('/')==0 && selector.search('/') != -1) {    selector = selector.replace('/','');    }        allElementsInDocument = collectAllElementsQuerySelectorDeep('*', root);    const findAllElements = function(nodes) {        for (i=0; i<nodes.length; i++) {        test_node = document.createElement('test-node');        parent_node = nodes[i].parentNode;        if (parent_node != null && parent_node.nodeName != 'HTML' && parent_node.nodeName != '#document') {        cloned_node = nodes[i].cloneNode();        if (nodes[i].textContent != "") {        cloned_node.textContent = nodes[i].textContent;         }        test_node.append(cloned_node);            elements = document.evaluate('.//'+selector, test_node, null, XPathResult.FIRST_ORDERED_NODE_TYPE);            value = elements.singleNodeValue;            if (value!=null) {            element = nodes[i];            break;            }        }        elements = document.evaluate('.//'+selector, nodes[i], null, XPathResult.FIRST_ORDERED_NODE_TYPE);        value = elements.singleNodeValue;        if (value!=null) {        element = elements.singleNodeValue;        break;        }        }    };    findAllElements(allElementsInDocument);    return element;}return getXPathObject("//span[contains(text(),"Proceed to checkout")]");, args=[]}]
Capabilities {acceptInsecureCerts: false, browserName: chrome, browserVersion: 122.0.6261.95, chrome: {chromedriverVersion: 122.0.6261.94 (880dbf29479c..., userDataDir: C:\Users\jijos\AppData\Loca...}, fedcm:accounts: true, goog:chromeOptions: {debuggerAddress: localhost:54348}, networkConnectionEnabled: false, pageLoadStrategy: normal, platformName: WINDOWS, proxy: Proxy(), se:cdp: ws://localhost:54348/devtoo..., se:cdpVersion: 122.0.6261.95, setWindowRect: true, strictFileInteractability: false, timeouts: {implicit: 0, pageLoad: 300000, script: 30000}, unhandledPromptBehavior: dismiss and notify, webauthn:extension:credBlob: true, webauthn:extension:largeBlob: true, webauthn:extension:minPinLength: true, webauthn:extension:prf: true, webauthn:virtualAuthenticators: true}
Session ID: 558fb02fc013447a450047e6e2fbd059
at java.base/jdk.internal.reflect.NativeConstructorAccessorImpl.newInstance0(Native Method)
at java.base/jdk.internal.reflect.NativeConstructorAccessorImpl.newInstance(NativeConstructorAccessorImpl.java:78)
at java.base/jdk.internal.reflect.DelegatingConstructorAccessorImpl.newInstance(DelegatingConstructorAccessorImpl.java:45)
at java.base/java.lang.reflect.Constructor.newInstanceWithCaller(Constructor.java:499)
at java.base/java.lang.reflect.Constructor.newInstance(Constructor.java:480)
at org.openqa.selenium.remote.codec.w3c.W3CHttpResponseCodec.createException(W3CHttpResponseCodec.java:200)
at org.openqa.selenium.remote.codec.w3c.W3CHttpResponseCodec.decode(W3CHttpResponseCodec.java:133)
at org.openqa.selenium.remote.codec.w3c.W3CHttpResponseCodec.decode(W3CHttpResponseCodec.java:53)
at org.openqa.selenium.remote.HttpCommandExecutor.execute(HttpCommandExecutor.java:193)
at org.openqa.selenium.remote.service.DriverCommandExecutor.invokeExecute(DriverCommandExecutor.java:183)
at org.openqa.selenium.remote.service.DriverCommandExecutor.execute(DriverCommandExecutor.java:158)
at org.openqa.selenium.remote.RemoteWebDriver.execute(RemoteWebDriver.java:543)
at org.openqa.selenium.remote.RemoteWebDriver.executeScript(RemoteWebDriver.java:480)
at io.github.sukgu.Shadow.injectShadowExecuter(Shadow.java:69)
at io.github.sukgu.Shadow.executerGetObject(Shadow.java:108)
at io.github.sukgu.Shadow.elementByXPath(Shadow.java:358)
at io.github.sukgu.Shadow.lambda$findElementByXPath$0(Shadow.java:434)
at java.base/java.util.Arrays$ArrayList.forEach(Arrays.java:4203)
at io.github.sukgu.Shadow.findElementByXPath(Shadow.java:433)
at steps.StepDefinition.addToCart(StepDefinition.java:223)
at ✽.Add to the Cart(file:///C:/TestLeaf/Quipu/src/test/java/feature/AutomationPractice.feature:30)
]]>
    </error>
  </testcase> <!-- runScenario -->
  <system-out/>
</testsuite> <!-- runner.CucumberRunner -->
